0 0.0
1 0.32677991027043113
2 0.6780254446670513
3 1.0042186244781517
4 1.278550573079139
5 1.5149647078300712
6 1.7325341604278999
7 1.9399276802377021
8 2.1442822692154535
9 2.3445708639616094
10 2.540873223530855
11 2.7385848618246698
12 2.9350796886897386
13 3.1236967851842374
14 3.3119448857184737
15 3.502320679795113
16 3.688931826153613
17 3.871186618964064
18 4.056708702774661
19 4.236955131001971
20 4.423227772641057
21 4.600331007757458
22 4.780946892926881
23 4.961749190543323
24 5.144196350645243
25 5.32454725099486
26 5.506487706691043
27 5.689823113635025
28 5.869679015473745
29 6.050398867242986
30 6.235725643797362
31 6.422176423403886
32 6.606055249477148
33 6.7894061399147505
34 6.974050485971271
35 7.1508273980733295
36 7.319302771245859
37 7.486363050553019
38 7.658505804616199
39 7.835071802950982
40 8.011975356268742
41 8.19316499205604
42 8.37532816162897
43 8.542271601334905
44 8.719843151583072
45 8.895953077477659
46 9.069503599845605
47 9.24033307020429
48 9.416849749165186
49 9.588232322440357
50 9.766772664896697
51 9.935733526586304
52 10.10916329733197
53 10.282478939710257
54 10.45827594023887
55 10.632390220152253
56 10.80186675406843
57 10.974326221800323
58 11.138513765133082
59 11.312611348823754
60 11.491523597242237
61 11.66873380927148
62 11.850474787274289
63 12.022113060287364
64 12.193287166110002
65 12.366846455018807
66 12.530322993867623
67 12.691385405812706
68 12.860087154641029
69 13.038249729342557
70 13.211343796292143
71 13.38946290946875
72 13.566049282346265
73 13.728489526448353
74 13.895381258419462
75 14.062306156432417
76 14.230954917731369
77 14.398718160317218
78 14.57337965030882
79 14.742934733504738
80 14.922094416773822
81 15.086254804216463
82 15.257196988051325
83 15.432849307822488
84 15.610753832120011
85 15.782351226401625
86 15.94947512218353
87 16.122996445404155
88 16.285492929520892
89 16.45628080906867
90 16.63332123702188
91 16.811942637474687
92 16.99140603956731
93 17.159341907389607
94 17.32269589133956
95 17.494482108084302
96 17.650581833547598
97 17.808138608786003
98 17.97333320636205
99 18.148902570985726
100 18.318607484408037
101 18.4925064054881
102 18.666433891071453
103 18.82503736430961
104 18.994404772246853
105 19.1609837861176
106 19.32921034419316
107 19.49216367074849
108 19.66637139593028
109 19.840967900818512
110 20.026203581683344
111 20.191527619904218
112 20.36006755187052
113 20.532502996644755
114 20.707204977675175
115 20.875000152455215
116 21.037105403761565
117 21.21179828045088
118 21.376611900064354
119 21.5483678925155
120 21.726109983111755
121 21.90928161152908
122 22.087716972759175
123 22.253765565431138
124 22.421571512252097
125 22.59390315721803
126 22.754855721507777
127 22.912454054815065
128 23.072390334426952
129 23.242224437635393
130 23.410157389967782
131 23.5863825397697
132 23.760324677604093
133 23.9257727916808
134 24.10050226720482
135 24.26400516973306
136 24.430072714373384
137 24.600473563341527
138 24.784135191699495
139 24.957482952740236
140 25.149970417484354
141 25.31649133745563
142 25.489394045835905
143 25.663022816945297
144 25.832883789393613
145 25.998170354320813
146 26.15592614340467
147 26.32746508238069
148 26.49081728421258
149 26.662003211588672
150 26.836718259482435
151 27.015169374058143
152 27.191302968990843
153 27.35484557317708
154 27.523709977023554
155 27.691006732462036
156 27.853421267519256
157 28.0097492988005
158 28.171570219657983
159 28.342917823221523
160 28.51116191228603
161 28.686263193248905
162 28.85752251217197
163 29.01897239314764
164 29.197395441610745
165 29.36261994537671
166 29.52624804133901
167 29.69092310802089
168 29.865548450957153
169 30.03876906977528
170 30.23450551780233
171 30.400797703006806
172 30.56695103334449
173 30.742137392634866
174 30.911326335732397
175 31.076975105638304
176 31.232985634674375
177 31.40465541624687
178 31.568672870066287
179 31.74529417854302
180 31.9225585594168
181 32.1005155141603
182 32.28070891750452
183 32.4450127692313
184 32.61735731145227
185 32.79048731643846
186 32.95293455989653
187 33.11139470152521
188 33.27786066572803
189 33.45196781775274
190 33.62094339739632
191 33.79362811556937
192 33.96217738839627
193 34.12217005780931
194 34.301732119359805
195 34.46872585113696
196 34.632242557694376
197 34.796737156384175
198 34.97298960114039
199 35.143253544880395
200 35.33489413768857
201 35.50034949599652
202 35.667484770928816
203 35.846547367236404
204 36.01657892160292
205 36.17913040697341
206 36.334997792401516
207 36.510986510084116
208 36.67579550354619
209 36.85030049052245
210 37.03109697399558
211 37.20644757056861
212 37.38421103235996
213 37.55172458299694
214 37.72401648383149
215 37.89582620720299
216 38.06221075887443
217 38.22083786379589
218 38.38657482611054
219 38.557435093483384
220 38.72743129124747
221 38.904085907362486
222 39.07837066957273
223 39.23934296521626
224 39.41485933367405
225 39.581742293799856
226 39.74553268202486
227 39.903446808190054
228 40.07762479270203
229 40.249105586519995
230 40.44382315381992
231 40.612329064350845
232 40.77837316945333
233 40.95367012341531
234 41.12251199264328
235 41.284321603165424
236 41.433787331751276
237 41.60742142428293
238 41.76890636750477
239 41.94255185083555
240 42.124443764075025
241 42.30392677720752
242 42.479280442857196
243 42.648273786852855
244 42.81953564167358
245 42.9913139934307
246 43.15838633100812
247 43.31658913109036
248 43.48432364374901
249 43.65506054004725
250 43.826887223073726
251 44.00640325877501
252 44.183901971940124
253 44.34970808893018
254 44.524914295998336
255 44.690255194782445
256 44.85178832418389
257 45.006915980385386
258 45.18464319542791
259 45.36112839724556
260 45.55872700628072
261 45.72289592634659
262 45.887168282814876
263 46.05974816378413
264 46.224691279257534
265 46.38560039650888
266 46.5304980151953
267 46.70581231428136
268 46.867339539662645
269 47.04274080731837
270 47.22335024411082
271 47.399159746119814
272 47.577525346427336
273 47.74950636918415
274 47.92009977124074
275 48.093171055610995
276 48.25481276461777
277 48.40928432334128
278 48.57613776003137
279 48.751030999814425
280 48.92242171016446
281 49.10524521675837
282 49.28507114756863
283 49.45229874655543
284 49.62838378941842
285 49.79082401614352
286 49.95274127017332
287 50.1102083600689
288 50.2868327172294
289 50.46482528650519
290 50.66752865696801
291 50.834492315579176
292 50.9995786310778
293 51.175341280109734
294 51.34016713928299
295 51.49590063844169
296 51.637829301014854
297 51.81406047810013
298 51.98097662283869
299 52.15887962192902
300 52.33845983570148
301 52.510336996579575
302 52.69374946354088
303 52.866760536250155
304 53.03756318889589
305 53.20736830874432
306 53.364019672654614
307 53.51313072082073
308 53.67985754144747
309 53.84947185701791
310 54.017579613033114
311 54.1991840187018
312 54.37743025465051
313 54.54234472961854
314 54.71931869608643
315 54.881840788558804
316 55.045626725509344
317 55.20902815212582
318 55.3878376385665
319 55.560184487120935
320 55.75234077869471
321 55.91187769897213
322 56.07743528202626
323 56.253540105294064
324 56.41714245198902
325 56.5705079428588
326 56.709009091204216
327 56.88745696024648
328 57.05268015721289
329 57.23159965734631
330 57.411114409387665
331 57.58967359391252
332 57.77481286026302
333 57.952056530143864
334 58.11945552522696
335 58.28288583825466
336 58.43479897666874
337 58.58206185418071
338 58.74804387626114
339 58.91988295719829
340 59.090178919426904
341 59.27552296546428
342 59.45443662747919
343 59.621447734610456
344 59.79806039472972
345 59.96069313974605
346 60.12772281678864
347 60.29474471293773
348 60.48318639115964
349 60.653471262993904
350 60.84157470238644
351 60.999098013472306
352 61.15871036657696
353 61.33472476485387
354 61.504113979717005
355 61.662592074078994
356 61.800868038117166
357 61.974156959749855
358 62.13393918470625
359 62.31273021360661
360 62.492292057639325
361 62.67416033871033
362 62.8636159561838
363 63.043506003028874
364 63.213222619461895
365 63.37896150908999
366 63.530024692999405
367 63.68116289327959
368 63.84196040694618
369 64.01488568148821
370 64.18239372070198
371 64.3618246391989
372 64.54069778268392
373 64.70296573614458
374 64.87805015290783
375 65.03846936652906
376 65.20047027893813
377 65.3644554221143
378 65.55282465200472
379 65.72608533535144
380 65.91699566141467
381 66.07702923247145
382 66.24118048707915
383 66.41352402955945
384 66.57815742335954
385 66.73414307297286
386 66.86717153702881
387 67.0327012749039
388 67.1899769524364
389 67.36929935232794
390 67.54827343941379
391 67.72980206872737
392 67.91743922947522
393 68.09666318911748
394 68.25756869147041
395 68.42672254102122
396 68.57832891046064
397 68.73067925799778
398 68.88843776929716
399 69.05942241494874
400 69.22028093955998
401 69.39612372540591
402 69.57665446616419
403 69.73764375641973
404 69.91082670328409
405 70.07283271643179
406 70.23455393631436
407 70.3964885393186
408 70.58578989741933
409 70.75949346193664
410 70.95301632802887
411 71.11535561471091
412 71.28296058713356
413 71.45533097382571
414 71.62521785831213
415 71.78361387804675
416 71.90889110645732
417 72.07032245715094
418 72.23102370936859
419 72.40797426919639
420 72.58844296852398
421 72.7716912805215
422 72.96728310637194
423 73.14892392162089
424 73.31194753841018
425 73.48395644330962
426 73.63612065711233
427 73.78457022361499
428 73.93968641874532
429 74.1135476928822
430 74.27931667269368
431 74.46013830953366
432 74.63902872079959
433 74.79408289709185
434 74.96778181474205
435 75.13126906236361
436 75.29133332530911
437 75.45272096121106
438 75.64353330412959
439 75.81349652885159
440 76.00238680078058
441 76.16280555958757
442 76.33543770983218
443 76.50809899093478
444 76.67674608296683
445 76.82693151264333
446 76.94802845103862
447 77.10698238325053
448 77.27004939159954
449 77.44867485109339
450 77.63057128405349
451 77.81288346087419
452 78.0061806626918
453 78.18497316243239
454 78.34064772234024
455 78.50476728534359
456 78.65937181081715
457 78.80707901508546
458 78.96335278289982
459 79.13589944653707
460 79.30661867812118
461 79.49343312803319
462 79.67556510002119
463 79.82527943116791
464 79.99682957392073
465 80.16140415011999
466 80.32503451680992
467 80.48911578101557
468 80.67333542913968
469 80.8389418956136
470 81.02712906445144
471 81.18500465667937
472 81.35720547766381
473 81.53471806575337
474 81.70606905609898
475 81.85345666326278
476 81.97517146728647
477 82.13326580156266
478 82.29203685850585
479 82.46586634322605
480 82.64169081606325
481 82.82010694170017
482 83.01620451977756
483 83.19551667528532
484 83.34943728197096
485 83.50878863695287
486 83.66109426062559
487 83.8147231057667
488 83.97618939880039
489 84.14910181074605
490 84.31727346080707
491 84.50207068736944
492 84.68375966663679
493 84.84210560019524
494 85.01683005836551
495 85.18173766330882
496 85.34489378620808
497 85.5055465129687
498 85.69661336147401
499 85.86295510616962
500 86.05184259014648
