0 0.0
1 0.3378381976218361
2 0.6832369625054245
3 1.0058067008027394
4 1.2964277311261465
5 1.5300267677084296
6 1.7294033697263274
7 1.950274970521457
8 2.16805617218313
9 2.4211023451139972
10 2.6271410800792125
11 2.837162860258966
12 3.001546238663906
13 3.163566622474372
14 3.3162646682063612
15 3.4414080877275937
16 3.560366463689643
17 3.735882991833231
18 3.9705325966756795
19 4.202514286886102
20 4.451919201911132
21 4.656970975988142
22 4.910071773237141
23 5.136703935272881
24 5.382277856115138
25 5.62880659970993
26 5.859204857408941
27 6.026387686391202
28 6.135191531499362
29 6.344164541898689
30 6.554901164181338
31 6.791122597005226
32 6.948327524105859
33 7.108874082607635
34 7.249010088451715
35 7.491638825423375
36 7.695581577625745
37 7.836398062918355
38 7.953752476757674
39 8.160424581681582
40 8.283335030554554
41 8.368218692204456
42 8.417098061558619
43 8.498279108755241
44 8.611339504703437
45 8.77429453355933
46 8.976525576345155
47 9.168565700131408
48 9.310911122815163
49 9.546343082179733
50 9.82329872900283
51 10.070894461569328
52 10.35868098849055
53 10.657258186554047
54 10.866812129401202
55 11.047315899652558
56 11.236707944541095
57 11.45936874218669
58 11.592430904465592
59 11.731284367873299
60 11.892663487437218
61 12.07836144383546
62 12.220140992714889
63 12.459469873311868
64 12.581910657291738
65 12.771241394800965
66 12.907739200504636
67 12.98052682055805
68 13.09291268166981
69 13.30119931862474
70 13.394842147433272
71 13.444578880331678
72 13.571547357458805
73 13.738082510497476
74 13.878156989989202
75 13.974546155169435
76 14.132108153430337
77 14.421460637762204
78 14.567616569546507
79 14.70834675338399
80 14.922109196351848
81 15.112170759199643
82 15.328124387253311
83 15.516958360713096
84 15.670953945503264
85 15.801295875713132
86 15.993660889594324
87 16.263581101502737
88 16.463408340517482
89 16.635881014094803
90 16.80658819149335
91 16.93992942086369
92 16.99336827268893
93 17.24070989144524
94 17.272652359952232
95 17.43103921217362
96 17.563391909220204
97 17.727544757155844
98 17.879135974135238
99 18.097997442637244
100 18.23211685626339
101 18.288202516458103
102 18.433188774997667
103 18.630077732449646
104 18.809341218611184
105 18.886149787540475
106 18.982453291019592
107 19.262119839976123
108 19.445728534415053
109 19.602698606740187
110 19.79236387748391
111 19.94065482273386
112 20.05522042915202
113 20.247938131334212
114 20.444725559981837
115 20.601808900441867
116 20.791841405054544
117 20.97909101682877
118 21.12632405126396
119 21.298583764692054
120 21.520477818771457
121 21.586275046465204
122 21.650848072292856
123 21.716054838508068
124 21.654160107420854
125 21.75648166109538
126 21.849933570010823
127 22.022475239204827
128 22.184195202773378
129 22.426964573531453
130 22.65015930486091
131 22.88700396409554
132 23.123952421858547
133 23.30315868686157
134 23.397075566248684
135 23.44925433889868
136 23.51072107533481
137 23.80144412555724
138 24.102231430543807
139 24.31366057649048
140 24.531215430665483
141 24.731729128703872
142 24.91105918800307
143 25.096682404891183
144 25.297499658968633
145 25.46021824840707
146 25.709761836130685
147 25.90867693564211
148 26.08646563675373
149 26.182817812641954
150 26.300325535374196
151 26.4123251613897
152 26.414879327154846
153 26.53860801337417
154 26.51146331505384
155 26.617252485130095
156 26.709832396165694
157 26.825814767939885
158 27.045107264774042
159 27.28219489245096
160 27.604371439581996
161 27.877080696891312
162 28.22427944910604
163 28.270618064235084
164 28.419773286394758
165 28.5901389399486
166 28.71617863946757
167 28.949875006314105
168 29.129827808309248
169 29.35227245140788
170 29.576836390246473
171 29.9192288074611
172 30.068360703273886
173 30.30623357041667
174 30.59028828803508
175 30.79689634779842
176 31.022411728051406
177 31.192122662760994
178 31.385255396831344
179 31.486330286115216
180 31.667910197307464
181 31.902948547943495
182 32.10293852005848
183 32.30551662478164
184 32.4012635527699
185 32.624475619549315
186 32.74846177376738
187 32.873002106601014
188 32.996586073315136
189 33.22767158177055
190 33.55458897983283
191 33.868900636981785
192 34.09887734828066
193 34.26681846706678
194 34.39791757872144
195 34.55749705238832
196 34.81990984405983
197 35.08304405866817
198 35.29763935825068
199 35.54641676302322
200 35.84062468588227
201 36.18356270057081
202 36.41800503659772
203 36.63232036011363
204 36.84680426799684
205 37.06522817721429
206 37.24980258136062
207 37.499650764827344
208 37.702639718298194
209 37.87282464944004
210 38.035560746520105
211 38.20556027059793
212 38.36455851230588
213 38.59887630943873
214 38.82151456721028
215 39.02991348250515
216 39.18968849061296
217 39.275204139503586
218 39.292472635555306
219 39.42810449944506
220 39.70825329222686
221 39.9271162978503
222 40.016950171998786
223 40.18208419057166
224 40.321752620816085
225 40.511659431865986
226 40.71664032567029
227 40.91027789560986
228 41.06480881638603
229 41.275487462859566
230 41.51585278602642
231 41.83748744728691
232 42.12759146215339
233 42.33544174188638
234 42.5581729913602
235 42.84702407206992
236 43.03738482702624
237 43.2539132888233
238 43.30622571357774
239 43.38989200984532
240 43.5551747325945
241 43.65368769827247
242 43.88873317814895
243 44.05965340141049
244 44.38566919951518
245 44.70943468785091
246 44.975404922538594
247 45.30232571376641
248 45.35211154648682
249 45.474972122772584
250 45.718000375561935
251 45.96801086913831
252 46.02532522623199
253 46.08990228856089
254 46.252177565357435
255 46.311001888606604
256 46.41108895678435
257 46.50500873470907
258 46.678468332470764
259 47.01053195977864
260 47.243815242097035
261 47.47677936317604
262 47.73961736483181
263 47.95465705688028
264 48.17486484649469
265 48.46813406388239
266 48.67805162099822
267 48.852836707942124
268 48.98200438719343
269 49.26786586825497
270 49.32891999586664
271 49.244325788561234
272 49.41168700562438
273 49.493087817250505
274 49.728334909496915
275 49.91053009147594
276 50.08596098114602
277 50.32452517355838
278 50.489498285433704
279 50.66200928814241
280 50.83738302761799
281 51.09960406457713
282 51.32778279892022
283 51.403053234272214
284 51.6137629288128
285 51.75842278538974
286 52.02786580622594
287 52.09028818868918
288 52.18168905703511
289 52.458706799872935
290 52.70150532507922
291 52.968825709975
292 53.2124679554308
293 53.40575117114704
294 53.59607935902426
295 53.77764685518375
296 54.07812678793393
297 54.361587155141244
298 54.42251347755502
299 54.52006807716807
300 54.5770838852793
301 54.59790893941465
302 54.75643417345328
303 54.949504343853484
304 55.274903631068156
305 55.51434412917707
306 55.70773707827947
307 55.975234831432424
308 56.12510496700606
309 56.46154803188485
310 56.716210493823816
311 57.04061405514337
312 57.40270047562948
313 57.53404376569407
314 57.788199192196544
315 58.01770029127828
316 58.31004179840539
317 58.549269959179675
318 58.62877377262771
319 58.67609695641431
320 58.874791397604234
321 59.134058041801744
322 59.224760184064216
323 59.42114692344317
324 59.55340968242791
325 59.71575198279705
326 60.00042126659912
327 60.42609570885903
328 60.58120776126177
329 60.84071182586977
330 60.771267692288774
331 60.64149523248554
332 60.77819768188479
333 60.91288448466958
334 61.11507409311242
335 61.34063369902313
336 61.63908934457117
337 61.7588857285893
338 61.93026601352607
339 62.32237334809957
340 62.471003075808426
341 62.73493928259254
342 63.05940041942605
343 63.41286515875407
344 63.61492160066772
345 63.78410068718023
346 64.10658619387549
347 64.40658068986285
348 64.6430761400847
349 64.69656741906047
350 64.75258619223266
351 65.14717885944684
352 65.24207581023141
353 65.47342150183874
354 65.4363680972254
355 65.54996740969239
356 65.93412567754321
357 66.23745497463364
358 66.37606463329045
359 66.54239322092648
360 66.57940227739527
361 66.62214928618427
362 66.61014896179483
363 66.67224454274783
364 66.87223109306268
365 67.1698011257438
366 67.43665938844013
367 67.67985641816307
368 67.82011983473348
369 68.1757500144617
370 68.31239318673393
371 68.5936154533933
372 68.70935332490163
373 68.93784216266162
374 69.13474750916203
375 69.23142638053943
376 69.4747938440893
377 69.85475088513577
378 70.15962870468994
379 70.30158922165545
380 70.36388753160831
381 70.69012340374665
382 70.79342875781798
383 70.91063290402671
384 70.8394645102503
385 70.86194809822949
386 70.96320890255471
387 71.06281638704182
388 71.41659663831076
389 71.60346213654876
390 71.81295294525545
391 71.94708053580982
392 71.86954358349699
393 71.75751859555436
394 71.8602742685722
395 72.10076102013831
396 72.45015782327302
397 72.64133415420318
398 72.74425939729734
399 73.2072092661067
400 73.44416563714863
401 73.71194724441257
402 73.76467178172975
403 73.97858965814955
404 73.987949630843
405 74.00400753009792
406 74.25276900516873
407 74.48249865744724
408 74.77508952622054
409 74.9714243863297
410 75.08317871439876
411 75.29943745417376
412 75.47411167112396
413 75.43916843961496
414 75.40150344627264
415 75.42059677598849
416 75.54833911478228
417 75.48567860968673
418 75.75034616964052
419 75.8599108689691
420 76.22092885344311
421 76.51117270773977
422 76.41082367961064
423 76.3460239661524
424 76.36449068836977
425 76.46718832030422
426 76.75776779689517
427 76.91233270322873
428 77.20145251770539
429 77.50485554769176
430 77.73013532682064
431 78.07925473399239
432 78.21265625964493
433 78.291661771547
434 78.31275187128455
435 78.41234520651305
436 78.73731614734929
437 78.92855448498746
438 79.11160578295184
439 79.32153439837087
440 79.45838822500978
441 79.438562749725
442 79.55872630041641
443 79.6627789884268
444 79.86893402452597
445 79.92460209987769
446 79.88122521847264
447 79.88349405183122
448 80.07867986931346
449 80.1951932177982
450 80.46448184483717
451 80.7356289241937
452 80.82082887063984
453 80.97538946457775
454 80.96258824866243
455 81.13285797931417
456 81.55950105758005
457 81.62260331955848
458 81.95968034907314
459 82.12456368894294
460 82.24631528852224
461 82.55493863996614
462 82.80200907929198
463 82.88609878054832
464 83.06154093246265
465 83.42075877036488
466 83.83361648729381
467 84.04438306990687
468 84.13008755301526
469 84.1915659887447
470 84.13266943772256
471 83.92701210307233
472 83.94619608568793
473 84.01497491037628
474 84.30306825078662
475 84.4030309247198
476 84.52263110553879
477 84.49605598841528
478 84.54234275240184
479 84.58593420809935
480 84.80579560637194
481 85.05652402923214
482 85.28871594321275
483 85.51856429050515
484 85.54007342055097
485 85.68156527432922
486 85.90841358855782
487 85.94105369127392
488 86.2343546034623
489 86.18196118756292
490 86.30917673684836
491 86.55241785565579
492 86.97203262239945
493 87.31324944774248
494 87.6801484676318
495 88.03820968447491
496 88.37315740033097
497 88.49233079373266
498 88.60224682324036
499 88.76343458505677
500 88.77737738137638
