0 0.0
1 0.32257726125868375
2 0.6679651776403791
3 0.9842980134610195
4 1.2386769056810316
5 1.4770438582334515
6 1.722589522729081
7 1.9464998250140382
8 2.169307273287344
9 2.396877280451615
10 2.607844507851622
11 2.7919599362177383
12 2.984293784909293
13 3.2044586349219535
14 3.4222116934421107
15 3.6250191746059874
16 3.769612038958242
17 3.900131435122856
18 4.02829138076644
19 4.209752654308785
20 4.379841811723237
21 4.561085575073778
22 4.755124204173806
23 4.910180892725577
24 5.10464083018905
25 5.274582628436031
26 5.4591612168914505
27 5.62289684883785
28 5.796207249456543
29 5.945679225793233
30 6.109807737382831
31 6.2618709128913315
32 6.465841670453313
33 6.636743499117986
34 6.816325722875655
35 7.015928054855749
36 7.23682296520101
37 7.4351929833424935
38 7.611259914326728
39 7.776004125767088
40 7.948133159042984
41 8.112843871492405
42 8.288239742353912
43 8.46519521423794
44 8.676232703018961
45 8.877815887957926
46 8.993286561484055
47 9.099264399909995
48 9.218236961408646
49 9.380432075820341
50 9.523491258110631
51 9.671419725428176
52 9.885204205498258
53 10.049970114781296
54 10.223158096321148
55 10.339920825940464
56 10.470935890597485
57 10.637105957989679
58 10.826473099352857
59 10.942136400789739
60 11.113571097906865
61 11.270173438991154
62 11.46344194631563
63 11.683930723478294
64 11.853429962263121
65 12.022642734216962
66 12.203037689922086
67 12.338009320625385
68 12.487193773724279
69 12.631637207851377
70 12.826030501186562
71 13.00487364357906
72 13.181771315117782
73 13.365080639363418
74 13.596189950076127
75 13.802537455278772
76 13.950500580544325
77 14.105523709468196
78 14.276986151599829
79 14.44844980341721
80 14.606283545303693
81 14.763458685461277
82 14.97430737766127
83 15.14061198804128
84 15.260476475584445
85 15.330732287724326
86 15.401413238803688
87 15.529842726508203
88 15.726651230177444
89 15.85917063293339
90 15.99665913836636
91 16.093659571620105
92 16.289339861852735
93 16.498350583009227
94 16.719322792171788
95 16.911468849071117
96 17.094145725707563
97 17.22939179588156
98 17.365104486953808
99 17.50719207303944
100 17.71364449602857
101 17.91171844809661
102 18.051957028467825
103 18.186385332664322
104 18.38959272081652
105 18.53551680006233
106 18.625060529921203
107 18.727045012412397
108 18.870159930628535
109 19.025324977995815
110 19.187817474009048
111 19.347451948365514
112 19.57691823009683
113 19.68518106890065
114 19.779129004087398
115 19.82708405000333
116 19.933618518138466
117 20.057039317580568
118 20.23127396202931
119 20.3338558680222
120 20.50712676338768
121 20.643160259123537
122 20.861574123178478
123 21.081329814518348
124 21.2729715205911
125 21.448472442845397
126 21.609155169589158
127 21.754869522415216
128 21.8769597174366
129 21.994073355938045
130 22.17350529300007
131 22.35649748641523
132 22.531072446231192
133 22.712949804639027
134 22.947661829728805
135 23.127557706240548
136 23.284714463593055
137 23.41967780186193
138 23.552440900693853
139 23.69224109359616
140 23.841515375083
141 23.999667847662405
142 24.20305427063338
143 24.34822906824079
144 24.43254496098852
145 24.49197084945117
146 24.61929093990686
147 24.765668944641344
148 24.96819812981186
149 25.121269800364473
150 25.28578617845713
151 25.44669614537632
152 25.684258719715178
153 25.94239001553164
154 26.143672355010096
155 26.335125002764507
156 26.506966809993592
157 26.680861627076002
158 26.817877768873124
159 26.976935043245426
160 27.148238291426207
161 27.33122158557341
162 27.47584554234549
163 27.594597126225903
164 27.815589625905528
165 27.951476843917
166 28.087329272850003
167 28.14864234998928
168 28.268316064019114
169 28.40237779396216
170 28.55270076282156
171 28.694312533561355
172 28.89187613604841
173 29.033356590262088
174 29.17327997630172
175 29.34215569763382
176 29.544691144429986
177 29.70798468607743
178 29.959091169011167
179 30.125931510467307
180 30.25320496459645
181 30.370183228052895
182 30.60132225251541
183 30.879519173210817
184 31.06014812934911
185 31.238606025137557
186 31.41412521563844
187 31.54628169110896
188 31.633605587020053
189 31.785578211133874
190 31.915236435148216
191 32.111210493658746
192 32.27875434807818
193 32.38129943379675
194 32.59391901522061
195 32.73365316910899
196 32.87522608410533
197 32.9946014109979
198 33.12588078839025
199 33.26005646222513
200 33.4650846226611
201 33.61089824838377
202 33.825782661169576
203 33.96929002349562
204 34.15677263305082
205 34.33776819075313
206 34.58086113952197
207 34.74932253160935
208 35.0077548081657
209 35.14633463700865
210 35.228493835054294
211 35.32696433982147
212 35.55269756571804
213 35.8243408996761
214 35.99606122536337
215 36.15850356648062
216 36.3275446196957
217 36.490462876745305
218 36.60117174410147
219 36.76470712840138
220 36.93213862749946
221 37.13904100863863
222 37.32739104583962
223 37.40410775847271
224 37.630984978113794
225 37.77504647419183
226 37.91627629460335
227 38.076223456630416
228 38.18465422774181
229 38.33749361339966
230 38.627547166448295
231 38.80331310968115
232 39.0549342113129
233 39.206360083536595
234 39.31270724893903
235 39.49035531480523
236 39.71604551619599
237 39.911249271060704
238 40.1825305895636
239 40.35569753281281
240 40.46715402254162
241 40.58880613307716
242 40.790325823119545
243 41.015419601031645
244 41.21661280521049
245 41.380849048430726
246 41.55490516448197
247 41.7531242730138
248 41.88023813294674
249 42.01169484487279
250 42.15985109672238
251 42.347960712797814
252 42.55133887085841
253 42.63426447849108
254 42.838019155498294
255 42.9813709170073
256 43.11025012840447
257 43.23805585311719
258 43.333120211477606
259 43.521304480892056
260 43.77456181599583
261 43.95348106912579
262 44.15765495619147
263 44.33123446654384
264 44.419529390609604
265 44.577739013116286
266 44.829122615093915
267 44.96582966063838
268 45.171496650131786
269 45.31581886296624
270 45.45501375675276
271 45.57914051411974
272 45.76990017926181
273 45.937650323379216
274 46.1998796258634
275 46.34118189025882
276 46.51583732434048
277 46.67992523847909
278 46.77803964039971
279 46.940538504066204
280 47.10206856846467
281 47.29018149343524
282 47.47702152329123
283 47.653650484730456
284 47.86495193184618
285 47.97829062189989
286 48.102654653159135
287 48.22841342801627
288 48.2849795229238
289 48.4428608043836
290 48.70180540762664
291 48.86963724455195
292 49.10104015978728
293 49.28151876174883
294 49.402010346497185
295 49.5494983741802
296 49.790113272755164
297 49.93390372650801
298 50.16901946098509
299 50.3463792512181
300 50.478807548796496
301 50.58142145154095
302 50.79330673127309
303 50.92984678785274
304 51.140737902944245
305 51.21133514060513
306 51.35044561301531
307 51.50760628266379
308 51.59241760053535
309 51.76405792898961
310 51.91316636690082
311 52.08812678687421
312 52.30761475047278
313 52.536480173436985
314 52.76741195762328
315 52.884070254497885
316 53.018616976567635
317 53.14686210834459
318 53.256280146369285
319 53.43117455708814
320 53.751473592097724
321 54.03056900135745
322 54.217257303025825
323 54.41472645973764
324 54.555616970302424
325 54.72935667057501
326 54.95351989279486
327 55.08470867072384
328 55.40144828603999
329 55.57833710978506
330 55.69548029773991
331 55.74359652088926
332 55.94197878578218
333 56.04679345909632
334 56.21977604667627
335 56.261568544600394
336 56.38669581134926
337 56.48998016877299
338 56.532581785589755
339 56.664052202891256
340 56.79929463491527
341 56.973805426264605
342 57.211878202282186
343 57.46059967973066
344 57.74245026541577
345 57.85528437709993
346 58.065550339964126
347 58.223739325767916
348 58.352637302965206
349 58.519241815046506
350 58.88312992488593
351 59.1903271953053
352 59.391991696985755
353 59.56103251470721
354 59.68883722483789
355 59.90256687572219
356 60.072440615076616
357 60.166628664062316
358 60.3598561150151
359 60.472785691587795
360 60.53833140963436
361 60.58426052261295
362 60.7694990134079
363 60.882473657698064
364 61.04394497523373
365 61.08279148275144
366 61.20913185976341
367 61.362345143744406
368 61.44712019743516
369 61.605852671019875
370 61.75294800976384
371 61.92112268702533
372 62.10601929602382
373 62.30074718680929
374 62.55005762126515
375 62.664115853063876
376 62.88108842570957
377 62.997013575582386
378 63.09352455636749
379 63.25370177643676
380 63.59775406688774
381 63.894866922077426
382 64.04285577738484
383 64.18971498955709
384 64.2649019096568
385 64.45298038849663
386 64.6357827413625
387 64.72256629865069
388 64.97887760093406
389 65.134063968036
390 65.22671645654572
391 65.24456015285203
392 65.38750271144113
393 65.52079947984058
394 65.67189116800145
395 65.77565095677497
396 65.9482386895397
397 66.08757013205148
398 66.20715194340434
399 66.37727325478879
400 66.50699692691714
401 66.70879660145889
402 66.91877463296757
403 67.17474467750557
404 67.43511730568505
405 67.61836701424619
406 67.85281351791348
407 67.96172361895766
408 68.05383789844447
409 68.21406567985947
410 68.53512151266082
411 68.75243651907523
412 68.84972450562957
413 68.99127834800886
414 69.02562835280833
415 69.18992809766527
416 69.41796007235894
417 69.51659207013172
418 69.81193940015882
419 69.94690537375854
420 69.99721363001505
421 70.01357695949885
422 70.17960784018582
423 70.28593842455359
424 70.43572151647416
425 70.50933848076673
426 70.64655751134009
427 70.78873386025091
428 70.88819933741426
429 71.05401448366503
430 71.18441195189948
431 71.33613150069398
432 71.50143035350224
433 71.77506862725207
434 72.05351068314596
435 72.19783460727288
436 72.4632656255549
437 72.62254348253538
438 72.75868355661369
439 72.93586149947825
440 73.30883464709345
441 73.55104566189934
442 73.6301528553765
443 73.79706127792612
444 73.87512342877744
445 74.06773658101991
446 74.31163102305243
447 74.44644733936474
448 74.71828985557053
449 74.84272023703019
450 74.85645385829558
451 74.8421632990703
452 74.97805467134424
453 75.06851305375932
454 75.16174921076356
455 75.20769587336764
456 75.2505246600568
457 75.32930734790614
458 75.41252004759765
459 75.46914683188298
460 75.57659256490808
461 75.74078595019674
462 75.97426933277868
463 76.27459483909303
464 76.54903506854814
465 76.79566422440298
466 77.12879239573729
467 77.339460654388
468 77.51034123449952
469 77.7547174029659
470 78.14268644197799
471 78.36977097990572
472 78.41158682626532
473 78.54884726461744
474 78.65028431812736
475 78.77736201753619
476 78.9202450808065
477 78.9805871294761
478 79.14360773690177
479 79.2158002048109
480 79.21266121257428
481 79.2092890135713
482 79.26401535501161
483 79.34935158621356
484 79.45751462144781
485 79.52339985580485
486 79.58330408471181
487 79.64807631420686
488 79.75130486477167
489 79.77513017711257
490 79.93459526377123
491 80.0739428006186
492 80.21946483316378
493 80.59646260294441
494 80.90715341835127
495 81.19305299766708
496 81.61821201675903
497 81.79956706811444
498 81.97271268965997
499 82.22725468232032
500 82.64914144915822
