0 1.0 0.0002767939317981673
1 0.9794716327085046 0.00027111180430215736
2 0.9164441561669961 0.0002536661812589165
3 0.8154291680818292 0.0002257058455362781
4 0.6842459542074507 0.000189395127982069
5 0.5325777804676776 0.00014741429784398963
6 0.37088159448035013 0.00010265777476778956
7 0.20934825031108958 5.7946325318673384e-05
8 0.05707347291638978 1.579759096990374e-05
9 -0.0784875115875589 -2.1724866929374643e-05
10 -0.19179778697998326 -5.30884635683769e-05
11 -0.2793140144672163 -7.731242427071098e-05
12 -0.3394330979514503 -9.395302176441438e-05
13 -0.37236369565846766 -0.00010306801138020342
14 -0.37993497757517924 -0.00010516369627068238
15 -0.36532800546711686 -0.00010112057502922562
16 -0.3327309990293571 -9.209792145246793e-05
17 -0.28694534272825156 -7.94247296249254e-05
18 -0.23297220261659748 -6.44852919619273e-05
19 -0.17560789594159928 -4.860719997247869e-05
20 -0.11908365307581159 -3.296163254774281e-05
21 -0.0667892213114202 -1.8486851168525946e-05
22 -0.021110067413630525 -5.843138559943161e-06
23 0.016612539765202727 4.598250198763865e-06
24 0.04600689381534723 1.2734429028970745e-05
25 0.06750127797264356 1.8683944131449033e-05
26 0.08209184744736911 2.2722525223532638e-05
27 0.09109629872586948 2.521490269659379e-05
28 0.0959394004186542 2.655544385623803e-05
29 0.09798463638398697 2.7121552760537507e-05
30 0.09839958670500448 2.7236408491392857e-05
31 0.09804944235780935 2.7139490660835816e-05
32 0.0974326186648901 2.696875760564643e-05
33 0.09667037349000786 2.6757772766696592e-05
34 0.09554849702089442 2.644724416781884e-05
35 0.09360672293402378 2.5909772883650118e-05
36 0.09027089469404569 2.4986435869303223e-05
37 0.08500773642366381 2.3529625597968182e-05
38 0.07746576923292256 2.1442054845750133e-05
39 0.06756714439679663 1.870217555796385e-05
40 0.05553328929440207 1.537127748948262e-05
41 0.04185791239447364 1.1586016148529597e-05
42 0.027256660090621995 7.544478114169452e-06
43 0.012607448370936252 3.489665204533844e-06
44 -0.0011320084496775154 -3.1333306961498724e-07
45 -0.01304106690299036 -3.6096881829216502e-06
46 -0.022370615332406127 -6.192050574601056e-06
47 -0.0286525259201444 -7.93084530538567e-06
48 -0.03174423326750192 -8.78661113803004e-06
49 -0.03180236042724539 -8.802700383119693e-06
50 -0.029213912102286348 -8.086233593997901e-06
51 -0.024522906842883562 -6.787791804161922e-06
52 -0.01837371179927236 -5.0857319306469755e-06
53 -0.011467650685432379 -3.174176121708776e-06
54 -0.004515000631512666 -1.249724776867599e-06
55 0.0018288756661056723 5.062216863913812e-07
56 0.007037724311090299 1.947999382978232e-06
57 0.010781863688796958 2.9843544425340016e-06
58 0.012966898814629505 3.5891589061302954e-06
59 0.013726581686861666 3.79943451525516e-06
60 0.013370539746268973 3.700884266633459e-06
61 0.012304995041330317 3.4059479582467703e-06
62 0.01095375454647934 3.0319327888720675e-06
63 0.009703942669460877 2.6859924454240795e-06
64 0.008883014726656906 2.458764572412387e-06
65 0.008749531234665481 2.4218171518339314e-06
66 0.009472680285791867 2.6219804209713174e-06
67 0.011096906446888603 3.0715563662307265e-06
68 0.01351273838217957 3.740243986163489e-06
69 0.016455266056631866 4.554717790600058e-06
70 0.01954060761844662 5.408721612435061e-06
71 0.02233150808427141 6.181225925628041e-06
72 0.02440812371975973 6.756020532208404e-06
73 0.025427874763893823 7.038281433169566e-06
74 0.025173957619545245 6.96799870843436e-06
75 0.023589428239019213 6.529410591148845e-06
76 0.02078534345106738 5.753256937596227e-06
77 0.017017732877221678 4.710405193377126e-06
78 0.012641037288290406 3.498962413033144e-06
79 0.008053944736218665 2.2292830300231173e-06
80 0.0036493957289250654 1.0101305924966075e-06
81 -0.0002290190720622972 -6.339108941289105e-08
82 -0.0033236387206138462 -9.199630293553369e-07
83 -0.005488766211531154 -1.5192571804106391e-06
84 -0.006703787786696334 -1.8555677794202118e-06
85 -0.007073060719393546 -1.9577802863681133e-06
86 -0.006808982150292676 -1.8846849409230492e-06
87 -0.006196745592012419 -1.7152215767660793e-06
88 -0.005546907821847332 -1.535350425331131e-06
89 -0.005145053849934714 -1.424119684436727e-06
90 -0.005208901222905803 -1.441792249836379e-06
91 -0.0058648454395648884 -1.6233536286057161e-06
92 -0.007146020532901072 -1.9779751200121222e-06
93 -0.008998720385551629 -2.490791196669155e-06
94 -0.011287201874922227 -3.1242289859593687e-06
95 -0.013798695473439471 -3.8193951737788845e-06
96 -0.016256314269259727 -4.49964914313505e-06
97 -0.018348110238291016 -5.078645573922778e-06
98 -0.019773872248616996 -5.473287846569365e-06
99 -0.020297624128585923 -5.618259188712647e-06
100 -0.019789795889215436 -5.477695413659149e-06
101 -0.018249360913173758 -5.051312359961157e-06
102 -0.01580194594974574 -4.373882749492249e-06
103 -0.012676427774140893 -3.5087582847599474e-06
104 -0.009169579001625997 -2.5380838247939728e-06
105 -0.005611107438585878 -1.5531204896681287e-06
106 -0.002332398437319134 -6.455937339854643e-07
107 0.00036424944856126466 1.0082203702258673e-07
108 0.0022333780999901375 6.181855054881905e-07
109 0.0031079060907840336 8.602495465275845e-07
110 0.0029164529112602577 8.072564682119382e-07
111 0.001693095191097112 4.68638474852339e-07
112 -0.0004272796776393931 -1.1826842195126107e-07
113 -0.0032260297200846903 -8.929454503199824e-07
114 -0.006423812798528216 -1.7780724016400131e-06
115 -0.009710085892599122 -2.6876928523104274e-06
116 -0.012780144979776418 -3.5374665779029238e-06
117 -0.015375734102219547 -4.255909896436512e-06
118 -0.01732047257645051 -4.7942017050380685e-06
119 -0.018535418242339542 -5.1304912928206364e-06
120 -0.01902559100743411 -5.266168139731542e-06
121 -0.018847808920019426 -5.216959136752746e-06
122 -0.018087531962839604 -5.0065190885193956e-06
123 -0.01686088913618364 -4.6669917976172746e-06
124 -0.015327575570769835 -4.2425799071669204e-06
125 -0.013685428471895534 -3.7880435550785493e-06
126 -0.012137630322359134 -3.359622419638441e-06
127 -0.010851198487149 -3.0035458939802963e-06
128 -0.009930624423300486 -2.7487365793362486e-06
129 -0.009416223492402422 -2.6063535231523366e-06
130 -0.009298194135350539 -2.5736837133463362e-06
131 -0.009530800534230542 -2.638067753053745e-06
132 -0.010037688249682129 -2.77837119679378e-06
133 -0.010711207307578128 -2.964797184969811e-06
134 -0.011416927083618727 -3.1601361365278106e-06
135 -0.012014527163571622 -3.3255482123008718e-06
136 -0.012392705573595958 -3.430225701332687e-06
137 -0.01249919102093958 -3.459700226982215e-06
138 -0.012348309771780442 -3.417937212792838e-06
139 -0.012007081373027717 -3.3234872626608786e-06
140 -0.011572019599950384 -3.2030648039157216e-06
141 -0.011145877954462254 -3.0851113823581216e-06
142 -0.010819606238915548 -2.9948013513774155e-06
143 -0.010663011781549698 -2.9514569558253212e-06
144 -0.010724442329115109 -2.9684605586184657e-06
145 -0.01103363702443886 -3.054043774028263e-06
146 -0.011599805614200882 -3.210755804049117e-06
147 -0.012401679026780285 -3.4327094987213838e-06
148 -0.013374939173908765 -3.7021020015075384e-06
149 -0.014408989316143091 -3.988320806053032e-06
150 -0.015365089564215393 -4.252963552910167e-06
151 -0.01611266820053139 -4.459888782984384e-06
152 -0.016563865127620318 -4.58477735444858e-06
153 -0.01668993550825407 -4.6196728707874874e-06
154 -0.016521261824443453 -4.572985018654666e-06
155 -0.016135690414360915 -4.466261192068957e-06
156 -0.015632949075869897 -4.327105440310554e-06
157 -0.015099892076007175 -4.1795584974460165e-06
158 -0.014588634109370816 -4.038045394697602e-06
159 -0.014121263657496805 -3.908680089717109e-06
160 -0.013707533304397196 -3.7941620385784237e-06
161 -0.013354179687607078 -3.696355901671984e-06
162 -0.013062698396177646 -3.6156756489716244e-06
163 -0.012828565170586061 -3.5508689928955424e-06
164 -0.01264602454774733 -3.5003428561871238e-06
165 -0.012508816329418002 -3.462364453960728e-06
166 -0.012401824443937485 -3.4327497493080757e-06
167 -0.012291543164546656 -3.4022245603817564e-06
168 -0.012124866199578218 -3.356089387907957e-06
169 -0.011839575523091906 -3.2771226598579517e-06
170 -0.011385501572649748 -3.1514377457879406e-06
171 -0.010748543071516752 -2.975131497867071e-06
172 -0.009963653405555106 -2.7578788011977974e-06
173 -0.009107898085919348 -2.521010921618618e-06
174 -0.00827621485296476 -2.290806049558507e-06
175 -0.007553374358984962 -2.090728187166909e-06
176 -0.0069968325549950834 -1.9366807930305056e-06
177 -0.006633518539773326 -1.8361176782798962e-06
178 -0.006461987671220711 -1.7886389747484631e-06
179 -0.0064547036456169115 -1.7866228006622691e-06
180 -0.006561553694556973 -1.8161982458212153e-06
181 -0.0067159895272853685 -1.858945147172632e-06
182 -0.006846510403858691 -1.8950725337811053e-06
183 -0.006896213905695358 -1.9088301614786137e-06
184 -0.006845917603054972 -1.8949084501158707e-06
185 -0.006725258300893051 -1.8615106874624495e-06
186 -0.00659738821040118 -1.826117022355817e-06
187 -0.0065238084536051975 -1.8057505921715041e-06
188 -0.006532945296995634 -1.808279614977767e-06
189 -0.006613623600318015 -1.830610879765174e-06
190 -0.0067351317069681595 -1.8642435863502187e-06
191 -0.006878855184121893 -1.9040253726833047e-06
192 -0.007059937874685602 -1.9541479625850247e-06
193 -0.007323753752173223 -2.0271705965856067e-06
194 -0.0077205629053288686 -2.137004962261059e-06
195 -0.008278963480403037 -2.291566852954196e-06
196 -0.008994992588868687 -2.4897593651683395e-06
197 -0.009837187638844398 -2.7228738443920706e-06
198 -0.010757158258242045 -2.9775161292739404e-06
199 -0.011696099258011787 -3.2374093003267095e-06
200 -0.01258537995654335 -3.4835568013454817e-06
201 -0.013347763286514517 -3.6945798807855803e-06
202 -0.01390660495127587 -3.849263862427509e-06
203 -0.014203156651429882 -3.931347573494569e-06
204 -0.014211484338792078 -3.933652626822337e-06
205 -0.01394047960627619 -3.858640161373354e-06
206 -0.01342143393803566 -3.71497147007825e-06
207 -0.012690707942094464 -3.5127109485945546e-06
208 -0.011779555208049516 -3.260509400869604e-06
209 -0.010713667188761367 -2.9654780651542762e-06
210 -0.009514563408144158 -2.633573415083192e-06
211 -0.008201378864098606 -2.27009190196024e-06
212 -0.006797832587114144 -1.8815988094930313e-06
213 -0.005340891038317882 -1.4783262298016028e-06
214 -0.0038829007483024724 -1.0747633649046872e-06
215 -0.0024839714887827974 -6.875482348547377e-07
216 -0.0011998416935709356 -3.3210889989887105e-07
217 -7.170710950245539e-05 -1.9848092777066348e-08
218 0.00087556543381546 2.423511989723492e-07
219 0.0016243511507092073 4.4961054162567885e-07
220 0.002149512933947287 5.949721364382837e-07
221 0.0024130268657983627 6.679111937189374e-07
222 0.00237571387241274 6.575831835725718e-07
223 0.0020166037911681515 5.581836922365229e-07
224 0.00134265795629515 3.7163957478302643e-07
225 0.0003855067408863837 1.0670592654463943e-07
226 -0.0008034583032723962 -2.2239238279865083e-07
227 -0.0021524068953601098 -5.957731673962112e-07
228 -0.003569277292266433 -9.879542954043422e-07
229 -0.004950973148429737 -1.3703993239810181e-06
230 -0.006195568126426939 -1.714895661437117e-06
231 -0.007209414501071855 -1.9955221857144012e-06
232 -0.007916932475262461 -2.1913588676084935e-06
233 -0.00827969714193127 -2.2917699260132046e-06
234 -0.008313532341437356 -2.3011353039176693e-06
235 -0.008085964827398462 -2.2381459969573092e-06
236 -0.007689542262078113 -2.1284186364487742e-06
237 -0.007203984716334895 -1.9940192542482404e-06
238 -0.0066718037941705865 -1.846714804374407e-06
239 -0.00610307094349683 -1.6892930024936378e-06
240 -0.005499408942943469 -1.5222030238833256e-06
241 -0.004874654499722782 -1.349274785135897e-06
242 -0.004261831109767407 -1.179648989532267e-06
243 -0.003709816172616585 -1.026854604666973e-06
244 -0.003271390980550789 -9.055011719557146e-07
245 -0.0029848447715896905 -8.26186920135513e-07
246 -0.0028594790477263566 -7.914864485146575e-07
247 -0.0028766262851443497 -7.962326997790605e-07
248 -0.0030033508943088493 -8.313093026052883e-07
249 -0.003203364271454636 -8.866717916777003e-07
250 -0.0034372992178753592 -9.51423565282486e-07
